<?xml version="1.0" encoding="UTF-8"?>
<!-- Generated by org.testng.reporters.JUnitReportReporter -->
<testsuite hostname="DESKTOP-JNM37EI" failures="0" tests="1" name="hrm.test.com.TC001_Login" time="14.808" errors="0" timestamp="24 Apr 2021 12:14:34 GMT" skipped="0">
  <testcase classname="hrm.test.com.TC001_Login" name="beforeTest" time="14.808"/>
</testsuite> <!-- hrm.test.com.TC001_Login -->
