<?xml version="1.0" encoding="UTF-8"?>
<!-- Generated by org.testng.reporters.JUnitReportReporter -->
<testsuite hostname="DESKTOP-JNM37EI" failures="0" tests="1" name="hrm.test.com.TC001_Login" time="10.322" errors="0" timestamp="27 Apr 2021 13:03:10 GMT" skipped="0">
  <testcase classname="hrm.test.com.TC001_Login" name="loginHRM" time="10.322"/>
</testsuite> <!-- hrm.test.com.TC001_Login -->
